<?xml version="1.0" encoding="UTF-8"?>
<!-- Generated by org.testng.reporters.JUnitReportReporter -->
<testsuite skipped="0" hostname="WKWIN8951983" name="com.runner.TestNGRunner1" tests="34" failures="0" timestamp="2022-01-06T16:23:32 IST" time="496.734" errors="0">
  <testcase name="runScenario" time="0.061" classname="com.runner.TestNGRunner1"/>
  <system-out/>
  <testcase name="runScenario" time="33.917" classname="com.runner.TestNGRunner1"/>
  <system-out/>
  <testcase name="runScenario" time="2.417" classname="com.runner.TestNGRunner1"/>
  <system-out/>
  <testcase name="runScenario" time="28.477" classname="com.runner.TestNGRunner1"/>
  <system-out/>
  <testcase name="runScenario" time="5.142" classname="com.runner.TestNGRunner1"/>
  <system-out/>
  <testcase name="runScenario" time="4.500" classname="com.runner.TestNGRunner1"/>
  <system-out/>
  <testcase name="runScenario" time="13.500" classname="com.runner.TestNGRunner1"/>
  <system-out/>
  <testcase name="runScenario" time="4.650" classname="com.runner.TestNGRunner1"/>
  <system-out/>
  <testcase name="runScenario" time="4.170" classname="com.runner.TestNGRunner1"/>
  <system-out/>
  <testcase name="runScenario" time="3.224" classname="com.runner.TestNGRunner1"/>
  <system-out/>
  <testcase name="runScenario" time="3.749" classname="com.runner.TestNGRunner1"/>
  <system-out/>
  <testcase name="runScenario" time="15.723" classname="com.runner.TestNGRunner1"/>
  <system-out/>
  <testcase name="runScenario" time="26.428" classname="com.runner.TestNGRunner1"/>
  <system-out/>
  <testcase name="runScenario" time="40.917" classname="com.runner.TestNGRunner1"/>
  <system-out/>
  <testcase name="runScenario" time="30.656" classname="com.runner.TestNGRunner1"/>
  <system-out/>
  <testcase name="runScenario" time="7.031" classname="com.runner.TestNGRunner1"/>
  <system-out/>
  <testcase name="runScenario" time="15.853" classname="com.runner.TestNGRunner1"/>
  <system-out/>
  <testcase name="runScenario" time="25.368" classname="com.runner.TestNGRunner1"/>
  <system-out/>
  <testcase name="runScenario" time="4.730" classname="com.runner.TestNGRunner1"/>
  <system-out/>
  <testcase name="runScenario" time="26.155" classname="com.runner.TestNGRunner1"/>
  <system-out/>
  <testcase name="runScenario" time="6.577" classname="com.runner.TestNGRunner1"/>
  <system-out/>
  <testcase name="runScenario" time="0.887" classname="com.runner.TestNGRunner1"/>
  <system-out/>
  <testcase name="runScenario" time="93.133" classname="com.runner.TestNGRunner1"/>
  <system-out/>
  <testcase name="runScenario" time="0.062" classname="com.runner.TestNGRunner1"/>
  <system-out/>
  <testcase name="runScenario" time="7.128" classname="com.runner.TestNGRunner1"/>
  <system-out/>
  <testcase name="runScenario" time="3.181" classname="com.runner.TestNGRunner1"/>
  <system-out/>
  <testcase name="runScenario" time="34.368" classname="com.runner.TestNGRunner1"/>
  <system-out/>
  <testcase name="runScenario" time="3.895" classname="com.runner.TestNGRunner1"/>
  <system-out/>
  <testcase name="runScenario" time="6.958" classname="com.runner.TestNGRunner1"/>
  <system-out/>
  <testcase name="runScenario" time="14.222" classname="com.runner.TestNGRunner1"/>
  <system-out/>
  <testcase name="runScenario" time="3.384" classname="com.runner.TestNGRunner1"/>
  <system-out/>
  <testcase name="runScenario" time="8.979" classname="com.runner.TestNGRunner1"/>
  <system-out/>
  <testcase name="runScenario" time="15.212" classname="com.runner.TestNGRunner1"/>
  <system-out/>
  <testcase name="runScenario" time="2.080" classname="com.runner.TestNGRunner1"/>
  <system-out/>
</testsuite> <!-- com.runner.TestNGRunner1 -->
