<?xml version="1.0" encoding="UTF-8"?>
<!-- Generated by org.testng.reporters.JUnitReportReporter -->
<testsuite hostname="WKWIN8951983" failures="0" tests="4" name="com.runner.TestNGRunner" time="20.959" errors="0" timestamp="2022-10-11T14:14:40 IST" skipped="0">
  <testcase classname="com.runner.TestNGRunner" name="runScenario" time="5.294"/>
  <system-out/>
  <testcase classname="com.runner.TestNGRunner" name="runScenario" time="5.328"/>
  <system-out/>
  <testcase classname="com.runner.TestNGRunner" name="runScenario" time="5.474"/>
  <system-out/>
  <testcase classname="com.runner.TestNGRunner" name="runScenario" time="4.863"/>
  <system-out/>
</testsuite> <!-- com.runner.TestNGRunner -->
